<?xml version="1.0" encoding="UTF-8"?>
<testsuite xmlns:xsi="http://www.w3.org/2001/XMLSchema-instance" xsi:noNamespaceSchemaLocation="https://maven.apache.org/surefire/maven-surefire-plugin/xsd/surefire-test-report-3.0.xsd" version="3.0" name="TestSuite" time="6.442" tests="48" errors="0" skipped="0" failures="0">
  <properties>
[...]
</properties>
  <testcase name="splitCommaSeparatedList" classname="org.openapitools.codegen.cmd.utils.OptionUtilsTest" time="0.065"/>
  <testcase name="testParseCommaSeparatedTuples" classname="org.openapitools.codegen.cmd.utils.OptionUtilsTest" time="0.005"/>
  <testcase name="smokeTestAuthorTemplateCommand" classname="org.openapitools.codegen.cmd.AuthorTemplateTest" time="0.614"/>
  <testcase name="testDeserializerWithJsonInclude[jaxrs-datelib-j8.json](1)" classname="org.openapitools.codegen.cmd.GenerateBatchTest" time="0.875"/>
  <testcase name="testDeserializerWithJsonInclude[jaxrs-datelib-j8.yaml](2)" classname="org.openapitools.codegen.cmd.GenerateBatchTest" time="0.012"/>
  <testcase name="testDeserializerWithJsonInclude[jaxrs-datelib-j8-json-include.yaml](3)" classname="org.openapitools.codegen.cmd.GenerateBatchTest" time="0.035"/>
  <testcase name="testDeserializerWithJsonInclude[jaxrs-datelib-j8-double.json](4)" classname="org.openapitools.codegen.cmd.GenerateBatchTest" time="0.048"/>
  <testcase name="testDeserializerWithJsonInclude[jaxrs-datelib-j8-double.yaml](5)" classname="org.openapitools.codegen.cmd.GenerateBatchTest" time="0.039"/>
  <testcase name="testDeserializerWithJsonInclude[jaxrs-datelib-j8-nested.json](6)" classname="org.openapitools.codegen.cmd.GenerateBatchTest" time="0.046"/>
  <testcase name="testDeserializerWithJsonInclude[jaxrs-datelib-j8-nested.yaml](7)" classname="org.openapitools.codegen.cmd.GenerateBatchTest" time="0.023"/>
  <testcase name="testDeserializerWithJsonInclude[jaxrs-datelib-j8-nested-property-merge.yaml](8)" classname="org.openapitools.codegen.cmd.GenerateBatchTest" time="0.025"/>
  <testcase name="testInvalidDeserializerWithIncludeOption" classname="org.openapitools.codegen.cmd.GenerateBatchTest" time="0.033"/>
  <testcase name="testAdditionalPropertiesLong" classname="org.openapitools.codegen.cmd.GenerateTest" time="0.079"/>
  <testcase name="testAdditionalPropertiesLongMultiple" classname="org.openapitools.codegen.cmd.GenerateTest" time="0.186"/>
  <testcase name="testApiPackage" classname="org.openapitools.codegen.cmd.GenerateTest" time="0.055"/>
  <testcase name="testArtifactId" classname="org.openapitools.codegen.cmd.GenerateTest" time="0.031"/>
  <testcase name="testArtifactVersion" classname="org.openapitools.codegen.cmd.GenerateTest" time="0.026"/>
  <testcase name="testAuthLong" classname="org.openapitools.codegen.cmd.GenerateTest" time="0.022"/>
  <testcase name="testAuthShort" classname="org.openapitools.codegen.cmd.GenerateTest" time="0.05"/>
  <testcase name="testAuthUnspecified" classname="org.openapitools.codegen.cmd.GenerateTest" time="0.024"/>
  <testcase name="testConfigJsonLong" classname="org.openapitools.codegen.cmd.GenerateTest" time="0.032"/>
  <testcase name="testConfigJsonShort" classname="org.openapitools.codegen.cmd.GenerateTest" time="0.029"/>
  <testcase name="testConfigYamlLong" classname="org.openapitools.codegen.cmd.GenerateTest" time="0.04"/>
  <testcase name="testConfigYamlShort" classname="org.openapitools.codegen.cmd.GenerateTest" time="0.03"/>
  <testcase name="testGroupId" classname="org.openapitools.codegen.cmd.GenerateTest" time="0.031"/>
  <testcase name="testImportMappingsLong" classname="org.openapitools.codegen.cmd.GenerateTest" time="0.035"/>
  <testcase name="testImportMappingsLongMultiple" classname="org.openapitools.codegen.cmd.GenerateTest" time="0.032"/>
  <testcase name="testInstantiationTypesLong" classname="org.openapitools.codegen.cmd.GenerateTest" time="0.036"/>
  <testcase name="testInstantiationTypesLongMultiple" classname="org.openapitools.codegen.cmd.GenerateTest" time="0.031"/>
  <testcase name="testInvokerPackage" classname="org.openapitools.codegen.cmd.GenerateTest" time="0.03"/>
  <testcase name="testLanguageSpecificPrimitives" classname="org.openapitools.codegen.cmd.GenerateTest" time="0.028"/>
  <testcase name="testLibrary" classname="org.openapitools.codegen.cmd.GenerateTest" time="0.029"/>
  <testcase name="testModelPackage" classname="org.openapitools.codegen.cmd.GenerateTest" time="0.028"/>
  <testcase name="testNPEWithInvalidSpecFile" classname="org.openapitools.codegen.cmd.GenerateTest" time="0.099"/>
  <testcase name="testPackageName" classname="org.openapitools.codegen.cmd.GenerateTest" time="0.004"/>
  <testcase name="testRequiredArgs_LongArgs" classname="org.openapitools.codegen.cmd.GenerateTest" time="0.029"/>
  <testcase name="testRequiredArgs_ShortArgs" classname="org.openapitools.codegen.cmd.GenerateTest" time="0.02"/>
  <testcase name="testSkipOverwriteLong" classname="org.openapitools.codegen.cmd.GenerateTest" time="0.02"/>
  <testcase name="testSkipOverwriteShort" classname="org.openapitools.codegen.cmd.GenerateTest" time="0.037"/>
  <testcase name="testStrictSpecFalse" classname="org.openapitools.codegen.cmd.GenerateTest" time="0.025"/>
  <testcase name="testStrictSpecTrue" classname="org.openapitools.codegen.cmd.GenerateTest" time="0.018"/>
  <testcase name="testTemplateDirLong" classname="org.openapitools.codegen.cmd.GenerateTest" time="0.022"/>
  <testcase name="testTemplateDirMustExist" classname="org.openapitools.codegen.cmd.GenerateTest" time="0.003"/>
  <testcase name="testTemplateDirShort" classname="org.openapitools.codegen.cmd.GenerateTest" time="0.021"/>
  <testcase name="testTypeMappingsLong" classname="org.openapitools.codegen.cmd.GenerateTest" time="0.029"/>
  <testcase name="testTypeMappingsLongMultiple" classname="org.openapitools.codegen.cmd.GenerateTest" time="0.024"/>
  <testcase name="testVerboseLong" classname="org.openapitools.codegen.cmd.GenerateTest" time="0.026"/>
  <testcase name="testVerboseShort" classname="org.openapitools.codegen.cmd.GenerateTest" time="0.028"/>
</testsuite>