<?xml version="1.0" encoding="UTF-8"?>
<!-- Generated by org.testng.reporters.JUnitXMLReporter -->
<testsuite ignored="0" hostname="fv-az1347-321" failures="0" tests="48" name="Surefire test" time="3.928" errors="0" timestamp="2024-09-24T15:53:00 GMT">
  <testcase classname="org.openapitools.codegen.cmd.utils.OptionUtilsTest" name="splitCommaSeparatedList" time="0.075"/>
  <testcase classname="org.openapitools.codegen.cmd.utils.OptionUtilsTest" name="testParseCommaSeparatedTuples" time="0.005"/>
  <testcase classname="org.openapitools.codegen.cmd.AuthorTemplateTest" name="smokeTestAuthorTemplateCommand" time="1.761"/>
  <testcase classname="org.openapitools.codegen.cmd.GenerateBatchTest" name="testDeserializerWithJsonInclude" time="2.029"/>
  <testcase classname="org.openapitools.codegen.cmd.GenerateTest" name="testAdditionalPropertiesLong" time="0.957"/>
  <testcase classname="org.openapitools.codegen.cmd.GenerateBatchTest" name="testDeserializerWithJsonInclude" time="0.103"/>
  <testcase classname="org.openapitools.codegen.cmd.GenerateTest" name="testAdditionalPropertiesLongMultiple" time="0.203"/>
  <testcase classname="org.openapitools.codegen.cmd.GenerateBatchTest" name="testDeserializerWithJsonInclude" time="0.226"/>
  <testcase classname="org.openapitools.codegen.cmd.GenerateTest" name="testApiPackage" time="0.089"/>
  <testcase classname="org.openapitools.codegen.cmd.GenerateBatchTest" name="testDeserializerWithJsonInclude" time="0.109"/>
  <testcase classname="org.openapitools.codegen.cmd.GenerateTest" name="testArtifactId" time="0.08"/>
  <testcase classname="org.openapitools.codegen.cmd.GenerateBatchTest" name="testDeserializerWithJsonInclude" time="0.079"/>
  <testcase classname="org.openapitools.codegen.cmd.GenerateTest" name="testArtifactVersion" time="0.076"/>
  <testcase classname="org.openapitools.codegen.cmd.GenerateBatchTest" name="testDeserializerWithJsonInclude" time="0.075"/>
  <testcase classname="org.openapitools.codegen.cmd.GenerateTest" name="testAuthLong" time="0.074"/>
  <testcase classname="org.openapitools.codegen.cmd.GenerateBatchTest" name="testDeserializerWithJsonInclude" time="0.051"/>
  <testcase classname="org.openapitools.codegen.cmd.GenerateTest" name="testAuthShort" time="0.077"/>
  <testcase classname="org.openapitools.codegen.cmd.GenerateBatchTest" name="testDeserializerWithJsonInclude" time="0.086"/>
  <testcase classname="org.openapitools.codegen.cmd.GenerateTest" name="testAuthUnspecified" time="0.06"/>
  <testcase classname="org.openapitools.codegen.cmd.GenerateBatchTest" name="testInvalidDeserializerWithIncludeOption" time="0.036"/>
  <testcase classname="org.openapitools.codegen.cmd.GenerateTest" name="testConfigJsonLong" time="0.033"/>
  <testcase classname="org.openapitools.codegen.cmd.GenerateTest" name="testConfigJsonShort" time="0.035"/>
  <testcase classname="org.openapitools.codegen.cmd.GenerateTest" name="testConfigYamlLong" time="0.033"/>
  <testcase classname="org.openapitools.codegen.cmd.GenerateTest" name="testConfigYamlShort" time="0.035"/>
  <testcase classname="org.openapitools.codegen.cmd.GenerateTest" name="testGroupId" time="0.033"/>
  <testcase classname="org.openapitools.codegen.cmd.GenerateTest" name="testImportMappingsLong" time="0.035"/>
  <testcase classname="org.openapitools.codegen.cmd.GenerateTest" name="testImportMappingsLongMultiple" time="0.032"/>
  <testcase classname="org.openapitools.codegen.cmd.GenerateTest" name="testInstantiationTypesLong" time="0.036"/>
  <testcase classname="org.openapitools.codegen.cmd.GenerateTest" name="testInstantiationTypesLongMultiple" time="0.031"/>
  <testcase classname="org.openapitools.codegen.cmd.GenerateTest" name="testInvokerPackage" time="0.03"/>
  <testcase classname="org.openapitools.codegen.cmd.GenerateTest" name="testLanguageSpecificPrimitives" time="0.03"/>
  <testcase classname="org.openapitools.codegen.cmd.GenerateTest" name="testLibrary" time="0.028"/>
  <testcase classname="org.openapitools.codegen.cmd.GenerateTest" name="testModelPackage" time="0.028"/>
  <testcase classname="org.openapitools.codegen.cmd.GenerateTest" name="testNPEWithInvalidSpecFile" time="0.09"/>
  <testcase classname="org.openapitools.codegen.cmd.GenerateTest" name="testPackageName" time="0.01"/>
  <testcase classname="org.openapitools.codegen.cmd.GenerateTest" name="testRequiredArgs_LongArgs" time="0.028"/>
  <testcase classname="org.openapitools.codegen.cmd.GenerateTest" name="testRequiredArgs_ShortArgs" time="0.024"/>
  <testcase classname="org.openapitools.codegen.cmd.GenerateTest" name="testSkipOverwriteLong" time="0.021"/>
  <testcase classname="org.openapitools.codegen.cmd.GenerateTest" name="testSkipOverwriteShort" time="0.038"/>
  <testcase classname="org.openapitools.codegen.cmd.GenerateTest" name="testStrictSpecFalse" time="0.026"/>
  <testcase classname="org.openapitools.codegen.cmd.GenerateTest" name="testStrictSpecTrue" time="0.022"/>
  <testcase classname="org.openapitools.codegen.cmd.GenerateTest" name="testTemplateDirLong" time="0.023"/>
  <testcase classname="org.openapitools.codegen.cmd.GenerateTest" name="testTemplateDirMustExist" time="0.005"/>
  <testcase classname="org.openapitools.codegen.cmd.GenerateTest" name="testTemplateDirShort" time="0.023"/>
  <testcase classname="org.openapitools.codegen.cmd.GenerateTest" name="testTypeMappingsLong" time="0.029"/>
  <testcase classname="org.openapitools.codegen.cmd.GenerateTest" name="testTypeMappingsLongMultiple" time="0.025"/>
  <testcase classname="org.openapitools.codegen.cmd.GenerateTest" name="testVerboseLong" time="0.024"/>
  <testcase classname="org.openapitools.codegen.cmd.GenerateTest" name="testVerboseShort" time="0.026"/>
</testsuite> <!-- Surefire test -->
